# JRE version: OpenJDK Runtime Environment (17.0.6) (build 17.0.6+0-b2043.56-10027231)
# Java VM: OpenJDK 64-Bit Server VM (17.0.6+0-b2043.56-10027231, mixed mode, tiered, compressed oops, compressed class ptrs, g1 gc, windows-amd64)
GC Precious Log:
 CPUs: 16 total, 16 available
 Memory: 7597M
 Large Page Support: Disabled
 NUMA Support: Disabled
 Compressed Oops: Enabled (32-bit)
 Heap Region Size: 1M
 Heap Min Capacity: 8M
 Heap Initial Capacity: 120M
 Heap Max Capacity: 1900M
 Pre-touch: Disabled
 Parallel Workers: 13
 Concurrent Workers: 3
 Concurrent Refinement Workers: 13
 Periodic GC: Disabled
Heap:
 garbage-first heap   total 65536K, used 44002K [0x0000000089400000, 0x0000000100000000)
  region size 1024K, 14 young (14336K), 1 survivors (1024K)
 Metaspace       used 48869K, committed 49152K, reserved 1097728K
  class space    used 5877K, committed 6016K, reserved 1048576K
GC Heap History (20 events):
Event: 0.652 GC heap after
{Heap after GC invocations=1 (full 0):
 garbage-first heap   total 122880K, used 7384K [0x0000000089400000, 0x0000000100000000)
  region size 1024K, 3 young (3072K), 3 survivors (3072K)
 Metaspace       used 12786K, committed 12928K, reserved 1064960K
  class space    used 1183K, committed 1280K, reserved 1048576K
}
Event: 1.384 GC heap before
{Heap before GC invocations=1 (full 0):
 garbage-first heap   total 122880K, used 40152K [0x0000000089400000, 0x0000000100000000)
  region size 1024K, 35 young (35840K), 3 survivors (3072K)
 Metaspace       used 21114K, committed 21312K, reserved 1073152K
  class space    used 2267K, committed 2368K, reserved 1048576K
}
Event: 1.396 GC heap after
{Heap after GC invocations=2 (full 0):
 garbage-first heap   total 122880K, used 11065K [0x0000000089400000, 0x0000000100000000)
  region size 1024K, 4 young (4096K), 4 survivors (4096K)
 Metaspace       used 21114K, committed 21312K, reserved 1073152K
  class space    used 2267K, committed 2368K, reserved 1048576K
}
Event: 1.411 GC heap before
{Heap before GC invocations=2 (full 0):
 garbage-first heap   total 122880K, used 12089K [0x0000000089400000, 0x0000000100000000)
  region size 1024K, 6 young (6144K), 4 survivors (4096K)
 Metaspace       used 21364K, committed 21504K, reserved 1073152K
  class space    used 2291K, committed 2368K, reserved 1048576K
}
Event: 1.415 GC heap after
{Heap after GC invocations=3 (full 0):
 garbage-first heap   total 122880K, used 11087K [0x0000000089400000, 0x0000000100000000)
  region size 1024K, 4 young (4096K), 4 survivors (4096K)
 Metaspace       used 21364K, committed 21504K, reserved 1073152K
  class space    used 2291K, committed 2368K, reserved 1048576K
}
Event: 1.889 GC heap before
{Heap before GC invocations=4 (full 0):
 garbage-first heap   total 45056K, used 35663K [0x0000000089400000, 0x0000000100000000)
  region size 1024K, 25 young (25600K), 4 survivors (4096K)
 Metaspace       used 27784K, committed 28032K, reserved 1081344K
  class space    used 3019K, committed 3136K, reserved 1048576K
}
Event: 1.898 GC heap after
{Heap after GC invocations=5 (full 0):
 garbage-first heap   total 45056K, used 17006K [0x0000000089400000, 0x0000000100000000)
  region size 1024K, 2 young (2048K), 2 survivors (2048K)
 Metaspace       used 27784K, committed 28032K, reserved 1081344K
  class space    used 3019K, committed 3136K, reserved 1048576K
}
Event: 2.236 GC heap before
{Heap before GC invocations=5 (full 0):
 garbage-first heap   total 45056K, used 32366K [0x0000000089400000, 0x0000000100000000)
  region size 1024K, 18 young (18432K), 2 survivors (2048K)
 Metaspace       used 31864K, committed 32064K, reserved 1081344K
  class space    used 3822K, committed 3904K, reserved 1048576K
}
Event: 2.242 GC heap after
{Heap after GC invocations=6 (full 0):
 garbage-first heap   total 54272K, used 19087K [0x0000000089400000, 0x0000000100000000)
  region size 1024K, 2 young (2048K), 2 survivors (2048K)
 Metaspace       used 31864K, committed 32064K, reserved 1081344K
  class space    used 3822K, committed 3904K, reserved 1048576K
}
Event: 2.560 GC heap before
{Heap before GC invocations=6 (full 0):
 garbage-first heap   total 54272K, used 40591K [0x0000000089400000, 0x0000000100000000)
  region size 1024K, 22 young (22528K), 2 survivors (2048K)
 Metaspace       used 33814K, committed 33984K, reserved 1081344K
  class space    used 4254K, committed 4352K, reserved 1048576K
}
Event: 2.577 GC heap after
{Heap after GC invocations=7 (full 0):
 garbage-first heap   total 54272K, used 26235K [0x0000000089400000, 0x0000000100000000)
  region size 1024K, 3 young (3072K), 3 survivors (3072K)
 Metaspace       used 33814K, committed 33984K, reserved 1081344K
  class space    used 4254K, committed 4352K, reserved 1048576K
}
Event: 2.790 GC heap before
{Heap before GC invocations=7 (full 0):
 garbage-first heap   total 54272K, used 34427K [0x0000000089400000, 0x0000000100000000)
  region size 1024K, 12 young (12288K), 3 survivors (3072K)
 Metaspace       used 35975K, committed 36096K, reserved 1081344K
  class space    used 4488K, committed 4544K, reserved 1048576K
}
Event: 2.797 GC heap after
{Heap after GC invocations=8 (full 0):
 garbage-first heap   total 54272K, used 27611K [0x0000000089400000, 0x0000000100000000)
  region size 1024K, 1 young (1024K), 1 survivors (1024K)
 Metaspace       used 35975K, committed 36096K, reserved 1081344K
  class space    used 4488K, committed 4544K, reserved 1048576K
}
Event: 2.986 GC heap before
{Heap before GC invocations=9 (full 0):
 garbage-first heap   total 54272K, used 40923K [0x0000000089400000, 0x0000000100000000)
  region size 1024K, 14 young (14336K), 1 survivors (1024K)
 Metaspace       used 38083K, committed 38336K, reserved 1089536K
  class space    used 4747K, committed 4864K, reserved 1048576K
}
Event: 2.990 GC heap after
{Heap after GC invocations=10 (full 0):
 garbage-first heap   total 54272K, used 27682K [0x0000000089400000, 0x0000000100000000)
  region size 1024K, 2 young (2048K), 2 survivors (2048K)
 Metaspace       used 38083K, committed 38336K, reserved 1089536K
  class space    used 4747K, committed 4864K, reserved 1048576K
}
Event: 3.176 GC heap before
{Heap before GC invocations=10 (full 0):
 garbage-first heap   total 54272K, used 39970K [0x0000000089400000, 0x0000000100000000)
  region size 1024K, 15 young (15360K), 2 survivors (2048K)
 Metaspace       used 40690K, committed 40896K, reserved 1089536K
  class space    used 4983K, committed 5056K, reserved 1048576K
}
Event: 3.181 GC heap after
{Heap after GC invocations=11 (full 0):
 garbage-first heap   total 65536K, used 29430K [0x0000000089400000, 0x0000000100000000)
  region size 1024K, 2 young (2048K), 2 survivors (2048K)
 Metaspace       used 40690K, committed 40896K, reserved 1089536K
  class space    used 4983K, committed 5056K, reserved 1048576K
}
Event: 3.539 GC heap before
{Heap before GC invocations=12 (full 0):
 garbage-first heap   total 65536K, used 49910K [0x0000000089400000, 0x0000000100000000)
  region size 1024K, 22 young (22528K), 2 survivors (2048K)
 Metaspace       used 45733K, committed 46016K, reserved 1097728K
  class space    used 5483K, committed 5632K, reserved 1048576K
}
Event: 3.544 GC heap after
{Heap after GC invocations=13 (full 0):
 garbage-first heap   total 65536K, used 30943K [0x0000000089400000, 0x0000000100000000)
  region size 1024K, 3 young (3072K), 3 survivors (3072K)
 Metaspace       used 45733K, committed 46016K, reserved 1097728K
  class space    used 5483K, committed 5632K, reserved 1048576K
}
Event: 3.893 GC heap before
{Heap before GC invocations=13 (full 0):
 garbage-first heap   total 65536K, used 43231K [0x0000000089400000, 0x0000000100000000)
  region size 1024K, 16 young (16384K), 3 survivors (3072K)
 Metaspace       used 48869K, committed 49152K, reserved 1097728K
  class space    used 5877K, committed 6016K, reserved 1048576K
}

